<?xml version="1.0" encoding="UTF-8"?>
<testng-results ignored="0" total="1" passed="1" failed="0" skipped="0">
  <reporter-output>
    <line>
      <![CDATA[database Connected Successfully]]>
    </line>
    <line>
      <![CDATA[Browser Launched Successfully]]>
    </line>
    <line>
      <![CDATA[Logged in successfully]]>
    </line>
    <line>
      <![CDATA[logged out successfully]]>
    </line>
    <line>
      <![CDATA[Browser Closed Successfully]]>
    </line>
    <line>
      <![CDATA[database disconnected Successfully]]>
    </line>
  </reporter-output>
  <suite started-at="2023-02-18T10:14:00 IST" name="Default suite" finished-at="2023-02-18T10:14:46 IST" duration-ms="45684">
    <groups>
    </groups>
    <test started-at="2023-02-18T10:14:00 IST" name="Default test" finished-at="2023-02-18T10:14:46 IST" duration-ms="45684">
      <class name="com.Actitime.Testscipts.CreateCustomer">
        <test-method is-config="true" signature="databaseconnection()[pri:0, instance:com.Actitime.Testscipts.CreateCustomer@2f7298b]" started-at="2023-02-18T10:14:00 IST" name="databaseconnection" finished-at="2023-02-18T10:14:00 IST" duration-ms="16" status="PASS">
          <reporter-output>
            <line>
              <![CDATA[database Connected Successfully]]>
            </line>
          </reporter-output>
        </test-method> <!-- databaseconnection -->
        <test-method is-config="true" signature="launchBrowser()[pri:0, instance:com.Actitime.Testscipts.CreateCustomer@2f7298b]" started-at="2023-02-18T10:14:00 IST" name="launchBrowser" finished-at="2023-02-18T10:14:28 IST" duration-ms="28421" status="PASS">
          <reporter-output>
            <line>
              <![CDATA[Browser Launched Successfully]]>
            </line>
          </reporter-output>
        </test-method> <!-- launchBrowser -->
        <test-method is-config="true" signature="loginToActitime()[pri:0, instance:com.Actitime.Testscipts.CreateCustomer@2f7298b]" started-at="2023-02-18T10:14:28 IST" name="loginToActitime" finished-at="2023-02-18T10:14:29 IST" duration-ms="682" status="PASS">
          <reporter-output>
            <line>
              <![CDATA[Logged in successfully]]>
            </line>
          </reporter-output>
        </test-method> <!-- loginToActitime -->
        <test-method signature="createCustomer()[pri:0, instance:com.Actitime.Testscipts.CreateCustomer@2f7298b]" started-at="2023-02-18T10:14:29 IST" name="createCustomer" finished-at="2023-02-18T10:14:33 IST" duration-ms="4016" status="PASS">
          <reporter-output>
          </reporter-output>
        </test-method> <!-- createCustomer -->
        <test-method is-config="true" signature="logoutFromActitime()[pri:0, instance:com.Actitime.Testscipts.CreateCustomer@2f7298b]" started-at="2023-02-18T10:14:33 IST" name="logoutFromActitime" finished-at="2023-02-18T10:14:45 IST" duration-ms="11544" status="PASS">
          <reporter-output>
            <line>
              <![CDATA[logged out successfully]]>
            </line>
          </reporter-output>
        </test-method> <!-- logoutFromActitime -->
        <test-method is-config="true" signature="closebrowser()[pri:0, instance:com.Actitime.Testscipts.CreateCustomer@2f7298b]" started-at="2023-02-18T10:14:45 IST" name="closebrowser" finished-at="2023-02-18T10:14:46 IST" duration-ms="956" status="PASS">
          <reporter-output>
            <line>
              <![CDATA[Browser Closed Successfully]]>
            </line>
          </reporter-output>
        </test-method> <!-- closebrowser -->
        <test-method is-config="true" signature="databasedisconnection()[pri:0, instance:com.Actitime.Testscipts.CreateCustomer@2f7298b]" started-at="2023-02-18T10:14:46 IST" name="databasedisconnection" finished-at="2023-02-18T10:14:46 IST" duration-ms="1" status="PASS">
          <reporter-output>
            <line>
              <![CDATA[database disconnected Successfully]]>
            </line>
          </reporter-output>
        </test-method> <!-- databasedisconnection -->
      </class> <!-- com.Actitime.Testscipts.CreateCustomer -->
    </test> <!-- Default test -->
  </suite> <!-- Default suite -->
</testng-results>
